0 info it worked if it ends with ok
1 verbose cli [ 'node', '/usr/local/bin/npm', 'start' ]
2 info using npm@3.5.2
3 info using node@v0.12.9
4 verbose run-script [ 'prestart', 'start', 'poststart' ]
5 info lifecycle reflux-version@0.0.0~prestart: reflux-version@0.0.0
6 silly lifecycle reflux-version@0.0.0~prestart: no script for prestart, continuing
7 info lifecycle reflux-version@0.0.0~start: reflux-version@0.0.0
8 verbose lifecycle reflux-version@0.0.0~start: unsafe-perm in lifecycle true
9 verbose lifecycle reflux-version@0.0.0~start: PATH: /usr/local/lib/node_modules/npm/bin/node-gyp-bin:/home/akhayoon/apps/react-shopping-cart/reflux-version/node_modules/.bin:/usr/local/heroku/bin:/home/akhayoon/.rbenv/plugins/ruby-build/bin:/home/akhayoon/.rbenv/shims:/home/akhayoon/.rbenv/bin:/usr/local/heroku/bin:/home/akhayoon/.rbenv/plugins/ruby-build/bin:/home/akhayoon/.rbenv/shims:/home/akhayoon/.rbenv/bin:/usr/local/sbin:/usr/local/bin:/usr/sbin:/usr/bin:/sbin:/bin:/usr/games:/usr/local/games:/home/akhayoon/google_appengine/
10 verbose lifecycle reflux-version@0.0.0~start: CWD: /home/akhayoon/apps/react-shopping-cart/reflux-version
11 silly lifecycle reflux-version@0.0.0~start: Args: [ '-c', './node_modules/gulp/bin/gulp.js serve' ]
12 silly lifecycle reflux-version@0.0.0~start: Returned: code: 1  signal: null
13 info lifecycle reflux-version@0.0.0~start: Failed to exec start script
14 verbose stack Error: reflux-version@0.0.0 start: `./node_modules/gulp/bin/gulp.js serve`
14 verbose stack Exit status 1
14 verbose stack     at EventEmitter.<anonymous> (/usr/local/lib/node_modules/npm/lib/utils/lifecycle.js:232:16)
14 verbose stack     at EventEmitter.emit (events.js:110:17)
14 verbose stack     at ChildProcess.<anonymous> (/usr/local/lib/node_modules/npm/lib/utils/spawn.js:24:14)
14 verbose stack     at ChildProcess.emit (events.js:110:17)
14 verbose stack     at maybeClose (child_process.js:1016:16)
14 verbose stack     at Process.ChildProcess._handle.onexit (child_process.js:1088:5)
15 verbose pkgid reflux-version@0.0.0
16 verbose cwd /home/akhayoon/apps/react-shopping-cart/reflux-version
17 error Linux 3.19.0-25-generic
18 error argv "node" "/usr/local/bin/npm" "start"
19 error node v0.12.9
20 error npm  v3.5.2
21 error code ELIFECYCLE
22 error reflux-version@0.0.0 start: `./node_modules/gulp/bin/gulp.js serve`
22 error Exit status 1
23 error Failed at the reflux-version@0.0.0 start script './node_modules/gulp/bin/gulp.js serve'.
23 error Make sure you have the latest version of node.js and npm installed.
23 error If you do, this is most likely a problem with the reflux-version package,
23 error not with npm itself.
23 error Tell the author that this fails on your system:
23 error     ./node_modules/gulp/bin/gulp.js serve
23 error You can get information on how to open an issue for this project with:
23 error     npm bugs reflux-version
23 error Or if that isn't available, you can get their info via:
23 error     npm owner ls reflux-version
23 error There is likely additional logging output above.
24 verbose exit [ 1, true ]
